TN:
SF:presentation/helpers/email-validator.js
FN:4,isValid
FNF:1
FNH:1
FNDA:3,isValid
DA:1,1
DA:2,1
DA:3,1
DA:4,1
DA:5,3
DA:6,2
DA:7,2
DA:8,2
DA:9,2
DA:10,1
LF:10
LH:10
BRDA:4,0,0,3
BRDA:5,1,0,1
BRDA:5,2,0,2
BRF:3
BRH:3
end_of_record
TN:
SF:presentation/helpers/http-response-errors.js
FN:2,badRequest
FNF:1
FNH:1
FNDA:2,badRequest
DA:1,1
DA:2,1
DA:3,2
DA:4,2
DA:5,1
LF:5
LH:5
BRDA:2,0,0,2
BRF:1
BRH:1
end_of_record
TN:
SF:presentation/routers/login-router.js
FN:4,auth
FNF:1
FNH:1
FNDA:2,auth
DA:1,1
DA:2,1
DA:3,1
DA:4,1
DA:5,2
DA:6,2
DA:7,2
DA:8,2
DA:9,1
LF:9
LH:9
BRDA:4,0,0,2
BRDA:6,1,0,1
BRF:2
BRH:2
end_of_record
